Detecting CXX compiler ABI info failed to compile with the following output:
Change Dir: /Users/marcus/git/karbonit/CMakeFiles/CMakeTmp

Run Build Command(s):/usr/bin/make cmTC_a09d0/fast && /Applications/Xcode.app/Contents/Developer/usr/bin/make -f CMakeFiles/cmTC_a09d0.dir/build.make CMakeFiles/cmTC_a09d0.dir/build
Building CXX object CMakeFiles/cmTC_a09d0.dir/CMakeCXXCompilerABI.cpp.o
/Applications/Xcode.app/Contents/Developer/Toolchains/XcodeDefault.xctoolchain/usr/bin/c++    -std=c++11 -Wall -Wextra -Werror -Wno-nullability-completeness -Wno-expansion-to-defined  -isysroot /Applications/Xcode.app/Contents/Developer/Platforms/MacOSX.platform/Developer/SDKs/MacOSX10.15.sdk   -v -Wl,-v -o CMakeFiles/cmTC_a09d0.dir/CMakeCXXCompilerABI.cpp.o -c /usr/local/Cellar/cmake/3.15.5/share/cmake/Modules/CMakeCXXCompilerABI.cpp
Apple clang version 11.0.0 (clang-1100.0.33.16)
Target: x86_64-apple-darwin19.0.0
Thread model: posix
InstalledDir: /Applications/Xcode.app/Contents/Developer/Toolchains/XcodeDefault.xctoolchain/usr/bin
clang: error: -Wl,-v: 'linker' input unused [-Werror,-Wunused-command-line-argument]
make[1]: *** [CMakeFiles/cmTC_a09d0.dir/CMakeCXXCompilerABI.cpp.o] Error 1
make: *** [cmTC_a09d0/fast] Error 2




Detecting CXX compiler ABI info failed to compile with the following output:
Change Dir: /Users/marcus/git/karbonit/CMakeFiles/CMakeTmp

Run Build Command(s):/usr/bin/make cmTC_e30fc/fast && /Applications/Xcode.app/Contents/Developer/usr/bin/make -f CMakeFiles/cmTC_e30fc.dir/build.make CMakeFiles/cmTC_e30fc.dir/build
Building CXX object CMakeFiles/cmTC_e30fc.dir/CMakeCXXCompilerABI.cpp.o
/Applications/Xcode.app/Contents/Developer/Toolchains/XcodeDefault.xctoolchain/usr/bin/c++    -std=c++11 -Wall -Wextra -Werror -Wno-nullability-completeness -Wno-expansion-to-defined  -isysroot /Applications/Xcode.app/Contents/Developer/Platforms/MacOSX.platform/Developer/SDKs/MacOSX10.15.sdk   -v -Wl,-v -o CMakeFiles/cmTC_e30fc.dir/CMakeCXXCompilerABI.cpp.o -c /Applications/CLion.app/Contents/bin/cmake/mac/share/cmake-3.15/Modules/CMakeCXXCompilerABI.cpp
Apple clang version 11.0.0 (clang-1100.0.33.16)
Target: x86_64-apple-darwin19.0.0
Thread model: posix
InstalledDir: /Applications/Xcode.app/Contents/Developer/Toolchains/XcodeDefault.xctoolchain/usr/bin
clang: error: -Wl,-v: 'linker' input unused [-Werror,-Wunused-command-line-argument]
make[1]: *** [CMakeFiles/cmTC_e30fc.dir/CMakeCXXCompilerABI.cpp.o] Error 1
make: *** [cmTC_e30fc/fast] Error 2




